0 info it worked if it ends with ok
1 verbose cli [ 'C:\\Program Files\\nodejs\\node.exe',
1 verbose cli   'C:\\Users\\Robinson\\Desktop\\Git\\Typescript-AppWeb\\node_modules\\npm\\bin\\npm-cli.js',
1 verbose cli   'run',
1 verbose cli   'watch' ]
2 info using npm@3.10.10
3 info using node@v8.11.3
4 warn invalid config loglevel="notice"
5 verbose run-script [ 'prewatch', 'watch', 'postwatch' ]
6 info lifecycle projetinho@1.0.0~prewatch: projetinho@1.0.0
7 silly lifecycle projetinho@1.0.0~prewatch: no script for prewatch, continuing
8 info lifecycle projetinho@1.0.0~watch: projetinho@1.0.0
9 verbose lifecycle projetinho@1.0.0~watch: unsafe-perm in lifecycle true
10 verbose lifecycle projetinho@1.0.0~watch: PATH: C:\Users\Robinson\Desktop\Git\Typescript-AppWeb\node_modules\npm\bin\node-gyp-bin;C:\Users\Robinson\Desktop\Git\Typescript-AppWeb\node_modules\.bin;C:\Users\Robinson\AppData\Roaming\npm\node_modules\npm\node_modules\npm-lifecycle\node-gyp-bin;C:\Users\Robinson\Desktop\Git\Typescript-AppWeb\node_modules\.bin;C:\Users\Robinson\Downloads\WINDOWS.X64_180000_db_home\bin;C:\Program Files\Docker\Docker\Resources\bin;C:\Program Files (x86)\Common Files\Oracle\Java\javapath;C:\Windows\system32;C:\Windows;C:\Windows\System32\Wbem;C:\Windows\System32\WindowsPowerShell\v1.0\;C:\Windows\System32\OpenSSH\;C:\Program Files\Git\cmd;C:\Program Files\nodejs\;C:\Program Files (x86)\Skype\Phone\;C:\Program Files (x86)\NVIDIA Corporation\PhysX\Common;C:\Program Files\Microsoft VS Code\bin;C:\Program Files\Microsoft\Web Platform Installer\;C:\Program Files\Microsoft SQL Server\110\Tools\Binn\;C:\Program Files (x86)\Microsoft SDKs\Azure\CLI\wbin;C:\Program Files\Java\jdk1.8.0_171\bin;C:\Program Files\Android\Android Studio1\bin\tools;C:\Users\Robinson\AppData\Local\Programs\Python\Python37-32\Scripts\;C:\Users\Robinson\AppData\Local\Programs\Python\Python37-32\;C:\Users\Robinson\AppData\Local\Programs\Python\Launcher\;C:\Users\Robinson\AppData\Local\Microsoft\WindowsApps;C:\Program Files\Java\jdk1.8.0_171\bin;C:\Users\Robinson\AppData\Roaming\npm;C:\Program Files\Microsoft VS Code\bin;C:\Program Files\PostgreSQL\9.6\bin;C:\Program Files\PostgreSQL\9.6;C:\Program Files\PostgreSQL\9.6\data;C:\Program Files\MongoDB\Server\4.0\bin;C:\kubernetes\client\bin;C:\Program Files (x86)\GnuWin32\bin;
11 verbose lifecycle projetinho@1.0.0~watch: CWD: C:\Users\Robinson\Desktop\Git\Typescript-AppWeb
12 silly lifecycle projetinho@1.0.0~watch: Args: [ '/d /s /c', 'tsc -w' ]
13 silly lifecycle projetinho@1.0.0~watch: Returned: code: 3221225786  signal: null
14 info lifecycle projetinho@1.0.0~watch: Failed to exec watch script
15 verbose stack Error: projetinho@1.0.0 watch: `tsc -w`
15 verbose stack Exit status 3221225786
15 verbose stack     at EventEmitter.<anonymous> (C:\Users\Robinson\Desktop\Git\Typescript-AppWeb\node_modules\npm\lib\utils\lifecycle.js:255:16)
15 verbose stack     at emitTwo (events.js:126:13)
15 verbose stack     at EventEmitter.emit (events.js:214:7)
15 verbose stack     at ChildProcess.<anonymous> (C:\Users\Robinson\Desktop\Git\Typescript-AppWeb\node_modules\npm\lib\utils\spawn.js:40:14)
15 verbose stack     at emitTwo (events.js:126:13)
15 verbose stack     at ChildProcess.emit (events.js:214:7)
15 verbose stack     at maybeClose (internal/child_process.js:925:16)
15 verbose stack     at Process.ChildProcess._handle.onexit (internal/child_process.js:209:5)
16 verbose pkgid projetinho@1.0.0
17 verbose cwd C:\Users\Robinson\Desktop\Git\Typescript-AppWeb
18 error Windows_NT 10.0.17134
19 error argv "C:\\Program Files\\nodejs\\node.exe" "C:\\Users\\Robinson\\Desktop\\Git\\Typescript-AppWeb\\node_modules\\npm\\bin\\npm-cli.js" "run" "watch"
20 error node v8.11.3
21 error npm  v3.10.10
22 error code ELIFECYCLE
23 error projetinho@1.0.0 watch: `tsc -w`
23 error Exit status 3221225786
24 error Failed at the projetinho@1.0.0 watch script 'tsc -w'.
24 error Make sure you have the latest version of node.js and npm installed.
24 error If you do, this is most likely a problem with the projetinho package,
24 error not with npm itself.
24 error Tell the author that this fails on your system:
24 error     tsc -w
24 error You can get information on how to open an issue for this project with:
24 error     npm bugs projetinho
24 error Or if that isn't available, you can get their info via:
24 error     npm owner ls projetinho
24 error There is likely additional logging output above.
25 verbose exit [ 1, true ]
